assignment2/build/app/outputs/mapping/release/seeds.txt
com.example.calculator.MainActivity
com.example.calculator.MainActivity: MainActivity()
...
kotlinx.coroutines.DefaultExecutor: int debugStatus
androidx.window.embedding.ExtensionEmbeddingBackend$SplitListenerWrapper: java.util.concurrent.Executor executor
androidx.window.R$attr: int activityName
androidx.datastore.preferences.PreferencesProto$Value: int FLOAT_FIELD_NUMBER
androidx.lifecycle.Lifecycle$Event: androidx.lifecycle.Lifecycle$Event ON_PAUSE
androidx.window.embedding.SplitController: java.util.Set staticSplitRules
io.flutter.embedding.engine.renderer.FlutterRenderer$ImageReaderSurfaceProducer: java.util.HashMap perImageReaders
androidx.window.layout.FoldingFeature$Orientation: androidx.window.layout.FoldingFeature$Orientation HORIZONTAL
androidx.window.java.layout.WindowInfoTrackerCallbackAdapter$addListener$1$1: int label
androidx.window.layout.SidecarWindowBackend$WindowLayoutChangeCallbackWrapper: androidx.core.util.Consumer callback
androidx.datastore.preferences.protobuf.GeneratedMessageLite: androidx.datastore.preferences.protobuf.UnknownFieldSetLite unknownFields
kotlinx.coroutines.scheduling.CoroutineScheduler$Worker: java.lang.Object nextParkedWorker
androidx.window.layout.FoldingFeature$State: java.lang.String description
androidx.window.embedding.EmbeddingCompat: androidx.window.embedding.EmbeddingAdapter adapter
androidx.window.R$styleable: int SplitPairRule_finishPrimaryWithSecondary
androidx.window.embedding.ExtensionEmbeddingBackend: java.util.concurrent.CopyOnWriteArraySet splitRules
io.flutter.plugin.editing.ImeSyncDeferringInsetsCallback: android.view.WindowInsets lastWindowInsets
io.flutter.embedding.engine.FlutterJNI: io.flutter.plugin.platform.PlatformViewsController platformViewsController
kotlinx.coroutines.JobSupport: java.lang.Object _state
io.flutter.embedding.engine.renderer.FlutterRenderer$ImageReaderSurfaceProducer: boolean CLEANUP_ON_MEMORY_PRESSURE
kotlin.jvm.internal.FunctionReference: int flags
io.flutter.view.AccessibilityViewEmbedder: java.util.Map embeddedViewToDisplayBounds
androidx.window.embedding.ExtensionEmbeddingBackend$EmbeddingCallbackImpl: java.util.List lastInfo
kotlinx.coroutines.JobSupport: java.lang.Object _parentHandle
androidx.window.R$attr: int finishSecondaryWithPrimary
kotlinx.coroutines.internal.LockFreeTaskQueueCore: java.lang.Object _next
androidx.window.layout.SidecarWindowBackend: java.lang.String TAG
io.flutter.embedding.engine.FlutterJNI: float displayHeight
androidx.window.layout.WindowInfoTrackerImpl$windowLayoutInfo$1: java.lang.Object L$1
androidx.window.layout.SidecarCompat: java.util.Map componentCallbackMap
androidx.window.R$styleable: int ActivityFilter_activityName
androidx.window.layout.ExtensionWindowLayoutInfoBackend$MulticastConsumer: java.util.concurrent.locks.ReentrantLock multicastConsumerLock
androidx.datastore.preferences.PreferencesProto$Value: int LONG_FIELD_NUMBER
androidx.window.embedding.ActivityRule: java.util.Set filters
androidx.datastore.preferences.protobuf.GeneratedMessageLite: int memoizedSerializedSize
androidx.window.R$attr: int secondaryActivityName
kotlin.jvm.internal.CallableReference: java.lang.Object receiver
kotlinx.coroutines.scheduling.CoroutineScheduler: int _isTerminated
kotlinx.coroutines.flow.StateFlowImpl: java.lang.Object _state
androidx.window.layout.SidecarWindowBackend$WindowLayoutChangeCallbackWrapper: java.util.concurrent.Executor executor
androidx.window.layout.HardwareFoldingFeature: androidx.window.layout.HardwareFoldingFeature$Companion Companion
androidx.window.layout.WindowInfoTrackerImpl$windowLayoutInfo$1: int label
androidx.window.R$attr: int splitLayoutDirection
io.flutter.embedding.engine.renderer.FlutterRenderer$ImageReaderSurfaceProducer: long lastQueueTime
androidx.window.embedding.MatcherUtils: androidx.window.embedding.MatcherUtils INSTANCE
androidx.window.embedding.ExtensionEmbeddingBackend: androidx.window.embedding.ExtensionEmbeddingBackend globalInstance
androidx.window.R$styleable: int SplitPairRule_splitLayoutDirection