assignment2/build/app/outputs/mapping/release/mapping.txt
# compiler: R8
# compiler_version: 3.3.70
# min_api: 21
# common_typos_disable
# {"id":"com.android.tools.r8.mapping","version":"2.0"}
# pg_map_id: 47c2b9f
# pg_map_hash: SHA-256 47c2b9f210ef9ca689e7f89e2daa8d0ccb7dec63fd1fb3ca5b0f20297f860c3b
com.example.calculator.MainActivity -> com.example.calculator.MainActivity:
    java.lang.String CHANNEL -> f
    android.content.BroadcastReceiver connectivityReceiver -> g
    android.content.BroadcastReceiver batteryReceiver -> h
    void configureFlutterEngine(io.flutter.embedding.engine.FlutterEngine) -> E
    void $r8$lambda$9lbFnXLr-gxTHAgH1NpamII0-MM(com.example.calculator.MainActivity,io.flutter.plugin.common.MethodCall,io.flutter.plugin.common.MethodChannel$Result) -> W
      # {"id":"com.android.tools.r8.synthesized"}
    void configureFlutterEngine$lambda-0(com.example.calculator.MainActivity,io.flutter.plugin.common.MethodCall,io.flutter.plugin.common.MethodChannel$Result) -> X
    void startListening() -> Y
    void stopListening() -> Z
com.example.calculator.MainActivity$$ExternalSyntheticLambda0 -> o.a:
# {"id":"sourceFile","fileName":"R8$$SyntheticClass"}
# {"id":"com.android.tools.r8.synthesized"}
    com.example.calculator.MainActivity com.example.calculator.MainActivity$$InternalSyntheticLambda$1$3ba822b08aa4d6267358c91d4f2b0939af229eb93b5e38c88ea09ecf364cd096$0.f$0 -> a
    void com.example.calculator.MainActivity$$InternalSyntheticLambda$1$3ba822b08aa4d6267358c91d4f2b0939af229eb93b5e38c88ea09ecf364cd096$0.<init>(com.example.calculator.MainActivity) -> <init>
      # {"id":"com.android.tools.r8.synthesized"}
    void com.example.calculator.MainActivity$$InternalSyntheticLambda$1$3ba822b08aa4d6267358c91d4f2b0939af229eb93b5e38c88ea09ecf364cd096$0.onMethodCall(io.flutter.plugin.common.MethodCall,io.flutter.plugin.common.MethodChannel$Result) -> a
      # {"id":"com.android.tools.r8.synthesized"}
com.example.calculator.MainActivity$startListening$1 -> com.example.calculator.MainActivity$a:
com.example.calculator.MainActivity$startListening$2 -> com.example.calculator.MainActivity$b:
...
io.flutter.embedding.engine.systemchannels.LocalizationChannel -> a0.h:
    io.flutter.plugin.common.MethodChannel$MethodCallHandler handler -> c
    io.flutter.plugin.common.MethodChannel channel -> a
    io.flutter.embedding.engine.systemchannels.LocalizationChannel$LocalizationMessageHandler localizationMessageHandler -> b
    io.flutter.embedding.engine.systemchannels.LocalizationChannel$LocalizationMessageHandler access$000(io.flutter.embedding.engine.systemchannels.LocalizationChannel) -> a
    void sendLocales(java.util.List) -> b
    void setLocalizationMessageHandler(io.flutter.embedding.engine.systemchannels.LocalizationChannel$LocalizationMessageHandler) -> c
io.flutter.embedding.engine.systemchannels.LocalizationChannel$1 -> a0.h$a:
    io.flutter.embedding.engine.systemchannels.LocalizationChannel this$0 -> a
    void onMethodCall(io.flutter.plugin.common.MethodCall,io.flutter.plugin.common.MethodChannel$Result) -> a
io.flutter.embedding.engine.systemchannels.LocalizationChannel$LocalizationMessageHandler -> a0.h$b:
    java.lang.String getStringResource(java.lang.String,java.lang.String) -> a
io.flutter.embedding.engine.systemchannels.MouseCursorChannel -> a0.i:
    io.flutter.embedding.engine.systemchannels.MouseCursorChannel$MouseCursorMethodHandler mouseCursorMethodHandler -> b
    io.flutter.plugin.common.MethodChannel$MethodCallHandler parsingMethodCallHandler -> c
    io.flutter.plugin.common.MethodChannel channel -> a
    io.flutter.embedding.engine.systemchannels.MouseCursorChannel$MouseCursorMethodHandler access$000(io.flutter.embedding.engine.systemchannels.MouseCursorChannel) -> a
    void setMethodHandler(io.flutter.embedding.engine.systemchannels.MouseCursorChannel$MouseCursorMethodHandler) -> b
io.flutter.embedding.engine.systemchannels.MouseCursorChannel$1 -> a0.i$a:
    io.flutter.embedding.engine.systemchannels.MouseCursorChannel this$0 -> a
    void onMethodCall(io.flutter.plugin.common.MethodCall,io.flutter.plugin.common.MethodChannel$Result) -> a
io.flutter.embedding.engine.systemchannels.MouseCursorChannel$MouseCursorMethodHandler -> a0.i$b:
    void activateSystemCursor(java.lang.String) -> a
io.flutter.embedding.engine.systemchannels.NavigationChannel -> a0.j:
    io.flutter.plugin.common.MethodChannel$MethodCallHandler defaultHandler -> b
    io.flutter.plugin.common.MethodChannel channel -> a
    void popRoute() -> a
    void pushRouteInformation(java.lang.String) -> b
    void setInitialRoute(java.lang.String) -> c
io.flutter.embedding.engine.systemchannels.NavigationChannel$1 -> a0.j$a:
    io.flutter.embedding.engine.systemchannels.NavigationChannel this$0 -> a
    void onMethodCall(io.flutter.plugin.common.MethodCall,io.flutter.plugin.common.MethodChannel$Result) -> a