assignment2/build/app/outputs/mapping/release/usage.txt
com.example.calculator.BuildConfig
com.example.calculator.R$attr
com.example.calculator.R$color
com.example.calculator.R$dimen
com.example.calculator.R$drawable
com.example.calculator.R$id
com.example.calculator.R$integer
com.example.calculator.R$layout
com.example.calculator.R$mipmap
com.example.calculator.R$string
com.example.calculator.R$style
com.example.calculator.R$styleable
com.example.calculator.R
...
androidx.datastore.preferences.protobuf.Empty$Builder
androidx.datastore.preferences.protobuf.Empty
androidx.datastore.preferences.protobuf.EmptyOrBuilder
androidx.datastore.preferences.protobuf.EmptyProto
androidx.datastore.preferences.protobuf.Enum$1
androidx.datastore.preferences.protobuf.Enum$Builder
androidx.datastore.preferences.protobuf.Enum
androidx.datastore.preferences.protobuf.EnumOrBuilder
androidx.datastore.preferences.protobuf.EnumValue$1
androidx.datastore.preferences.protobuf.EnumValue$Builder
androidx.datastore.preferences.protobuf.EnumValue
androidx.datastore.preferences.protobuf.EnumValueOrBuilder
androidx.datastore.preferences.protobuf.ExperimentalApi
androidx.datastore.preferences.protobuf.ExtensionLite:
    public void <init>()
    public abstract java.lang.Object getDefaultValue()
    public abstract androidx.datastore.preferences.protobuf.WireFormat$FieldType getLiteType()
    public abstract androidx.datastore.preferences.protobuf.MessageLite getMessageDefaultInstance()
    public abstract int getNumber()
    boolean isLite()
    public abstract boolean isRepeated()
androidx.datastore.preferences.protobuf.ExtensionRegistryFactory:
    static final java.lang.String FULL_REGISTRY_CLASS_NAME
    void <init>()
    public static androidx.datastore.preferences.protobuf.ExtensionRegistryLite create()
    static boolean isFullRegistry(androidx.datastore.preferences.protobuf.ExtensionRegistryLite)
androidx.datastore.preferences.protobuf.ExtensionRegistryLite:
    static final java.lang.String EXTENSION_CLASS_NAME
    void <init>(androidx.datastore.preferences.protobuf.ExtensionRegistryLite)
    public final void add(androidx.datastore.preferences.protobuf.ExtensionLite)
    public final void add(androidx.datastore.preferences.protobuf.GeneratedMessageLite$GeneratedExtension)
    public androidx.datastore.preferences.protobuf.ExtensionRegistryLite getUnmodifiable()
    public static boolean isEagerlyParseMessageSets()
    public static androidx.datastore.preferences.protobuf.ExtensionRegistryLite newInstance()
    public static void setEagerlyParseMessageSets(boolean)
androidx.datastore.preferences.protobuf.ExtensionSchema:
    abstract void setExtensions(java.lang.Object,androidx.datastore.preferences.protobuf.FieldSet)
androidx.datastore.preferences.protobuf.ExtensionSchemaLite:
    void setExtensions(java.lang.Object,androidx.datastore.preferences.protobuf.FieldSet)
androidx.datastore.preferences.protobuf.ExtensionSchemas:
    void <init>()
androidx.datastore.preferences.protobuf.Field$1
androidx.datastore.preferences.protobuf.Field$Builder
androidx.datastore.preferences.protobuf.Field$Cardinality$1
androidx.datastore.preferences.protobuf.Field$Cardinality$CardinalityVerifier
androidx.datastore.preferences.protobuf.Field$Cardinality
androidx.datastore.preferences.protobuf.Field$Kind$1
androidx.datastore.preferences.protobuf.Field$Kind$KindVerifier
androidx.datastore.preferences.protobuf.Field$Kind
androidx.datastore.preferences.protobuf.Field
androidx.datastore.preferences.protobuf.FieldInfo$1
androidx.datastore.preferences.protobuf.FieldInfo$Builder